# JRE version: Java(TM) SE Runtime Environment (17.0.5+9) (build 17.0.5+9-LTS-191)
# Java VM: Java HotSpot(TM) 64-Bit Server VM (17.0.5+9-LTS-191, mixed mode, sharing, tiered, compressed oops, compressed class ptrs, g1 gc, windows-amd64)
GC Precious Log:
 CPUs: 4 total, 4 available
 Memory: 6075M
 Large Page Support: Disabled
 NUMA Support: Disabled
 Compressed Oops: Enabled (32-bit)
 Heap Region Size: 1M
 Heap Min Capacity: 8M
 Heap Initial Capacity: 96M
 Heap Max Capacity: 1520M
 Pre-touch: Disabled
 Parallel Workers: 4
 Concurrent Workers: 1
 Concurrent Refinement Workers: 4
 Periodic GC: Disabled
Heap:
 garbage-first heap   total 48128K, used 24007K [0x00000000a1000000, 0x0000000100000000)
  region size 1024K, 11 young (11264K), 2 survivors (2048K)
 Metaspace       used 30265K, committed 30592K, reserved 1081344K
  class space    used 4019K, committed 4160K, reserved 1048576K
GC Heap History (14 events):
Event: 3.402 GC heap before
{Heap before GC invocations=0 (full 0):
 garbage-first heap   total 98304K, used 13312K [0x00000000a1000000, 0x0000000100000000)
  region size 1024K, 13 young (13312K), 0 survivors (0K)
 Metaspace       used 2663K, committed 2816K, reserved 1056768K
  class space    used 243K, committed 320K, reserved 1048576K
}
Event: 3.454 GC heap after
{Heap after GC invocations=1 (full 0):
 garbage-first heap   total 98304K, used 6642K [0x00000000a1000000, 0x0000000100000000)
  region size 1024K, 2 young (2048K), 2 survivors (2048K)
 Metaspace       used 2663K, committed 2816K, reserved 1056768K
  class space    used 243K, committed 320K, reserved 1048576K
}
Event: 5.032 GC heap before
{Heap before GC invocations=1 (full 0):
 garbage-first heap   total 98304K, used 15858K [0x00000000a1000000, 0x0000000100000000)
  region size 1024K, 12 young (12288K), 2 survivors (2048K)
 Metaspace       used 5766K, committed 5888K, reserved 1056768K
  class space    used 647K, committed 704K, reserved 1048576K
}
Event: 5.035 GC heap after
{Heap after GC invocations=2 (full 0):
 garbage-first heap   total 98304K, used 7368K [0x00000000a1000000, 0x0000000100000000)
  region size 1024K, 1 young (1024K), 1 survivors (1024K)
 Metaspace       used 5766K, committed 5888K, reserved 1056768K
  class space    used 647K, committed 704K, reserved 1048576K
}
Event: 7.736 GC heap before
{Heap before GC invocations=2 (full 0):
 garbage-first heap   total 98304K, used 30920K [0x00000000a1000000, 0x0000000100000000)
  region size 1024K, 24 young (24576K), 1 survivors (1024K)
 Metaspace       used 11861K, committed 12096K, reserved 1064960K
  class space    used 1507K, committed 1600K, reserved 1048576K
}
Event: 7.741 GC heap after
{Heap after GC invocations=3 (full 0):
 garbage-first heap   total 98304K, used 8907K [0x00000000a1000000, 0x0000000100000000)
  region size 1024K, 3 young (3072K), 3 survivors (3072K)
 Metaspace       used 11861K, committed 12096K, reserved 1064960K
  class space    used 1507K, committed 1600K, reserved 1048576K
}
Event: 9.652 GC heap before
{Heap before GC invocations=3 (full 0):
 garbage-first heap   total 98304K, used 60107K [0x00000000a1000000, 0x0000000100000000)
  region size 1024K, 53 young (54272K), 3 survivors (3072K)
 Metaspace       used 20612K, committed 20864K, reserved 1073152K
  class space    used 2617K, committed 2752K, reserved 1048576K
}
Event: 9.663 GC heap after
{Heap after GC invocations=4 (full 0):
 garbage-first heap   total 98304K, used 11610K [0x00000000a1000000, 0x0000000100000000)
  region size 1024K, 5 young (5120K), 5 survivors (5120K)
 Metaspace       used 20612K, committed 20864K, reserved 1073152K
  class space    used 2617K, committed 2752K, reserved 1048576K
}
Event: 9.918 GC heap before
{Heap before GC invocations=4 (full 0):
 garbage-first heap   total 98304K, used 14682K [0x00000000a1000000, 0x0000000100000000)
  region size 1024K, 9 young (9216K), 5 survivors (5120K)
 Metaspace       used 21253K, committed 21504K, reserved 1073152K
  class space    used 2694K, committed 2816K, reserved 1048576K
}
Event: 9.929 GC heap after
{Heap after GC invocations=5 (full 0):
 garbage-first heap   total 98304K, used 11822K [0x00000000a1000000, 0x0000000100000000)
  region size 1024K, 5 young (5120K), 5 survivors (5120K)
 Metaspace       used 21253K, committed 21504K, reserved 1073152K
  class space    used 2694K, committed 2816K, reserved 1048576K
}
Event: 11.611 GC heap before
{Heap before GC invocations=6 (full 0):
 garbage-first heap   total 48128K, used 35374K [0x00000000a1000000, 0x0000000100000000)
  region size 1024K, 28 young (28672K), 5 survivors (5120K)
 Metaspace       used 25367K, committed 25600K, reserved 1073152K
  class space    used 3271K, committed 3392K, reserved 1048576K
}
Event: 11.628 GC heap after
{Heap after GC invocations=7 (full 0):
 garbage-first heap   total 48128K, used 14263K [0x00000000a1000000, 0x0000000100000000)
  region size 1024K, 3 young (3072K), 3 survivors (3072K)
 Metaspace       used 25367K, committed 25600K, reserved 1073152K
  class space    used 3271K, committed 3392K, reserved 1048576K
}
Event: 13.567 GC heap before
{Heap before GC invocations=7 (full 0):
 garbage-first heap   total 48128K, used 32695K [0x00000000a1000000, 0x0000000100000000)
  region size 1024K, 22 young (22528K), 3 survivors (3072K)
 Metaspace       used 29092K, committed 29376K, reserved 1081344K
  class space    used 3801K, committed 3968K, reserved 1048576K
}
Event: 13.580 GC heap after
{Heap after GC invocations=8 (full 0):
 garbage-first heap   total 48128K, used 15815K [0x00000000a1000000, 0x0000000100000000)
  region size 1024K, 2 young (2048K), 2 survivors (2048K)
 Metaspace       used 29092K, committed 29376K, reserved 1081344K
  class space    used 3801K, committed 3968K, reserved 1048576K
}

